SMTP connect() failed. https://github.com/PHPMailer/PHPMailer/wiki/Troubleshooting
admin_estoque@loja.com.br
2022-07-12 20:11

SMTP connect() failed. https://github.com/PHPMailer/PHPMailer/wiki/Troubleshooting
nataferreira2021.3@gmail.com
2022-07-12 20:11

SMTP connect() failed. https://github.com/PHPMailer/PHPMailer/wiki/Troubleshooting
admin_estoque@loja.com.br
2022-07-12 20:11

SMTP connect() failed. https://github.com/PHPMailer/PHPMailer/wiki/Troubleshooting
admin_estoque@loja.com.br
2022-07-12 20:16

SMTP connect() failed. https://github.com/PHPMailer/PHPMailer/wiki/Troubleshooting
admin_estoque@loja.com.br
2022-07-12 20:16

SMTP connect() failed. https://github.com/PHPMailer/PHPMailer/wiki/Troubleshooting
nataferreira2021.3@gmail.com
2022-07-12 20:17

SMTP connect() failed. https://github.com/PHPMailer/PHPMailer/wiki/Troubleshooting
admin_estoque@loja.com.br
2022-07-12 20:19

SMTP connect() failed. https://github.com/PHPMailer/PHPMailer/wiki/Troubleshooting
n.alves2001@gmail.com
2022-07-12 20:19

SMTP connect() failed. https://github.com/PHPMailer/PHPMailer/wiki/Troubleshooting
nataferreira2021.3@gmail.com
2022-07-12 20:19

SMTP connect() failed. https://github.com/PHPMailer/PHPMailer/wiki/Troubleshooting
recupera-senha@gpe.com.br
2022-07-12 20:20

SMTP connect() failed. https://github.com/PHPMailer/PHPMailer/wiki/Troubleshooting
nataferreira2021.3@gmail.com
2022-07-12 20:32

SMTP connect() failed. https://github.com/PHPMailer/PHPMailer/wiki/Troubleshooting
nataferreira2021.3@gmail.com
2022-07-12 20:36

SMTP connect() failed. https://github.com/PHPMailer/PHPMailer/wiki/Troubleshooting
nataferreira2021.3@gmail.com
2022-07-12 20:38

SMTP connect() failed. https://github.com/PHPMailer/PHPMailer/wiki/Troubleshooting
nataferreira2021.3@gmail.com
2022-07-12 20:38

SMTP connect() failed. https://github.com/PHPMailer/PHPMailer/wiki/Troubleshooting
admin_estoque@loja.com.br
2022-07-12 20:38

SMTP connect() failed. https://github.com/PHPMailer/PHPMailer/wiki/Troubleshooting
nataferreira2021.3@gmail.com
2022-07-12 20:40

SMTP connect() failed. https://github.com/PHPMailer/PHPMailer/wiki/Troubleshooting
recupera-senha@gpe.com.br
2022-07-12 20:40

Email enviado: nataferreira2021.3@gmail.com - 2022-07-12 20:48

Email enviado: nataferreira2021.3@gmail.com - 2022-07-12 20:51

Email enviado: nataferreira2021.3@gmail.com - 2022-07-12 20:51

Email enviado: nataferreira2021.3@gmail.com - 2022-07-12 20:52

Email enviado: nataferreira2021.3@gmail.com - 2022-07-12 21:09

Email enviado: nataferreira2021.3@gmail.com - 2022-07-12 21:55

Email enviado: nataferreira2021.3@gmail.com - 2022-07-12 22:01

Email enviado: nataferreira2021.3@gmail.com - 2022-07-12 22:02

Email enviado: nataferreira2021.3@gmail.com - 2022-07-12 22:02

Email enviado: nataferreira2021.3@gmail.com - 2022-07-12 22:03

Email enviado: nataferreira2021.3@gmail.com - 2022-07-12 22:33

